Parse ChattDemo/app/build/outputs/logs/manifest-merger-debug-report.txt
-- Merging decision tree log ---
manifest
ADDED from src/main/AndroidManifest.xml:2:1-75:12
	package
		ADDED from src/main/AndroidManifest.xml:3:5-29
		INJECTED from src/main/AndroidManifest.xml
		INJECTED from src/main/AndroidManifest.xml
	android:versionName
		ADDED from src/main/AndroidManifest.xml:5:5-30
		INJECTED from src/main/AndroidManifest.xml
		INJECTED from src/main/AndroidManifest.xml
	android:versionCode
		ADDED from src/main/AndroidManifest.xml:4:5-28
		INJECTED from src/main/AndroidManifest.xml
		INJECTED from src/main/AndroidManifest.xml
	xmlns:android
		ADDED from src/main/AndroidManifest.xml:2:11-69
uses-sdk
ADDED from src/main/AndroidManifest.xml:7:5-9:41
MERGED from [com.android.support:support-v4:22.2.0] AndroidManifest.xml:20:5-43
MERGED from [com.google.android.gms:play-services-appindexing:8.1.0] AndroidManifest.xml:18:5-42
MERGED from [com.google.android.gms:play-services-basement:8.1.0] AndroidManifest.xml:18:5-42
MERGED from [com.android.support:support-v4:22.2.0] AndroidManifest.xml:20:5-43
	android:targetSdkVersion
		ADDED from src/main/AndroidManifest.xml:9:9-38
		INJECTED from src/main/AndroidManifest.xml
		INJECTED from src/main/AndroidManifest.xml
	android:minSdkVersion
		ADDED from src/main/AndroidManifest.xml:8:9-35
		INJECTED from src/main/AndroidManifest.xml
		INJECTED from src/main/AndroidManifest.xml
uses-permission#android.permission.INTERNET
ADDED from src/main/AndroidManifest.xml:11:5-67
	android:name
		ADDED from src/main/AndroidManifest.xml:11:22-64
uses-permission#android.permission.ACCESS_NETWORK_STATE
ADDED from src/main/AndroidManifest.xml:12:5-79
	android:name
		ADDED from src/main/AndroidManifest.xml:12:22-76
uses-permission#android.permission.WRITE_EXTERNAL_STORAGE
ADDED from src/main/AndroidManifest.xml:13:5-81
	android:name
		ADDED from src/main/AndroidManifest.xml:13:22-78
uses-permission#android.permission.WAKE_LOCK
ADDED from src/main/AndroidManifest.xml:14:5-68
	android:name
		ADDED from src/main/AndroidManifest.xml:14:22-65
uses-permission#android.permission.VIBRATE
ADDED from src/main/AndroidManifest.xml:15:5-66
	android:name
		ADDED from src/main/AndroidManifest.xml:15:22-63
uses-permission#android.permission.RECEIVE_BOOT_COMPLETED
ADDED from src/main/AndroidManifest.xml:16:5-81
	android:name
		ADDED from src/main/AndroidManifest.xml:16:22-78
uses-permission#android.permission.GET_ACCOUNTS
ADDED from src/main/AndroidManifest.xml:17:5-71
	android:name
		ADDED from src/main/AndroidManifest.xml:17:22-68
uses-permission#com.google.android.c2dm.permission.RECEIVE
ADDED from src/main/AndroidManifest.xml:18:5-82
	android:name
		ADDED from src/main/AndroidManifest.xml:18:22-79
uses-permission#android.permission.MANAGE_DOCUMENTS
ADDED from src/main/AndroidManifest.xml:19:5-75
	android:name
		ADDED from src/main/AndroidManifest.xml:19:22-72
uses-permission#android.permission.READ_PHONE_STATE
ADDED from src/main/AndroidManifest.xml:20:5-75
	android:name
		ADDED from src/main/AndroidManifest.xml:20:22-72
uses-permission#android.permission.READ_EXTERNAL_STORAGE
ADDED from src/main/AndroidManifest.xml:21:5-80
	android:name
		ADDED from src/main/AndroidManifest.xml:21:22-77
application
ADDED from src/main/AndroidManifest.xml:23:5-73:19
MERGED from [com.android.support:support-v4:22.2.0] AndroidManifest.xml:22:5-20
MERGED from [com.google.android.gms:play-services-appindexing:8.1.0] AndroidManifest.xml:19:5-20
MERGED from [com.google.android.gms:play-services-basement:8.1.0] AndroidManifest.xml:20:5-24:19
MERGED from [com.android.support:support-v4:22.2.0] AndroidManifest.xml:22:5-20
	android:label
		ADDED from src/main/AndroidManifest.xml:27:9-41
	android:allowBackup
		ADDED from src/main/AndroidManifest.xml:25:9-35
	android:icon
		ADDED from src/main/AndroidManifest.xml:26:9-45
	android:theme
		ADDED from src/main/AndroidManifest.xml:28:9-40
	android:name
		ADDED from src/main/AndroidManifest.xml:24:9-33
activity#com.chatt.demo.Login
ADDED from src/main/AndroidManifest.xml:29:9-39:20
	android:screenOrientation
		ADDED from src/main/AndroidManifest.xml:31:13-49
	android:windowSoftInputMode
		ADDED from src/main/AndroidManifest.xml:33:13-54
	android:theme
		ADDED from src/main/AndroidManifest.xml:32:13-77
	android:name
		ADDED from src/main/AndroidManifest.xml:30:13-34
intent-filter#android.intent.action.MAIN+android.intent.category.LAUNCHER
ADDED from src/main/AndroidManifest.xml:34:13-38:29
action#android.intent.action.MAIN
ADDED from src/main/AndroidManifest.xml:35:17-69
	android:name
		ADDED from src/main/AndroidManifest.xml:35:25-66
category#android.intent.category.LAUNCHER
ADDED from src/main/AndroidManifest.xml:37:17-77
	android:name
		ADDED from src/main/AndroidManifest.xml:37:27-74
activity#com.chatt.demo.Register
ADDED from src/main/AndroidManifest.xml:40:9-44:66
	android:screenOrientation
		ADDED from src/main/AndroidManifest.xml:42:13-49
	android:windowSoftInputMode
		ADDED from src/main/AndroidManifest.xml:44:13-54
	android:theme
		ADDED from src/main/AndroidManifest.xml:43:13-77
	android:name
		ADDED from src/main/AndroidManifest.xml:41:13-37
activity#com.chatt.demo.UserList
ADDED from src/main/AndroidManifest.xml:45:9-49:79
	android:screenOrientation
		ADDED from src/main/AndroidManifest.xml:48:13-49
	android:label
		ADDED from src/main/AndroidManifest.xml:47:13-45
	android:windowSoftInputMode
		ADDED from src/main/AndroidManifest.xml:49:13-67
	android:name
		ADDED from src/main/AndroidManifest.xml:46:13-37
activity#com.chatt.demo.Chat
ADDED from src/main/AndroidManifest.xml:50:9-56:79
	android:screenOrientation
		ADDED from src/main/AndroidManifest.xml:53:13-49
	android:label
		ADDED from src/main/AndroidManifest.xml:52:13-56
	android:parentActivityName
		ADDED from src/main/AndroidManifest.xml:55:13-51
	android:launchMode
		ADDED from src/main/AndroidManifest.xml:54:13-43
	android:windowSoftInputMode
		ADDED from src/main/AndroidManifest.xml:56:13-67
	android:name
		ADDED from src/main/AndroidManifest.xml:51:13-33
meta-data#com.google.android.gms.version
ADDED from src/main/AndroidManifest.xml:61:9-63:69
MERGED from [com.google.android.gms:play-services-basement:8.1.0] AndroidManifest.xml:21:9-23:69
	android:value
		ADDED from src/main/AndroidManifest.xml:63:13-66
	android:name
		ADDED from src/main/AndroidManifest.xml:62:13-58
activity#com.chatt.demo.FileActivity
ADDED from src/main/AndroidManifest.xml:65:9-72:20
	android:label
		ADDED from src/main/AndroidManifest.xml:67:13-56
	android:parentActivityName
		ADDED from src/main/AndroidManifest.xml:68:13-47
	android:name
		ADDED from src/main/AndroidManifest.xml:66:13-41
meta-data#android.support.PARENT_ACTIVITY
ADDED from src/main/AndroidManifest.xml:69:13-71:55
	android:value
		ADDED from src/main/AndroidManifest.xml:71:17-52
	android:name
		ADDED from src/main/AndroidManifest.xml:70:17-63